[CWB FTP] [/pub/climate] [FW14.pdf] [Tuesday, September 25, 2012 5:56:44 PM CST]
[CWB FTP] [/pub/climate] [FW15.pdf] [Tuesday, September 25, 2012 5:56:45 PM CST]
[CWB FTP] [/pub/climate] [index.txt] [Tuesday, September 25, 2012 5:56:45 PM CST]
[CWB FTP] [/pub/earthquake] [EC0120194844004.htm] [Tuesday, September 25, 2012 5:56:45 PM CST]
[CWB FTP] [/pub/earthquake] [EC0125185962005.htm] [Tuesday, September 25, 2012 5:56:45 PM CST]
[CWB FTP] [/pub/earthquake] [EC0131101641006.htm] [Tuesday, September 25, 2012 5:56:46 PM CST]
[CWB FTP] [/pub/earthquake] [EC0201114740007.htm] [Tuesday, September 25, 2012 5:56:46 PM CST]
[CWB FTP] [/pub/earthquake] [EC0205171746008.htm] [Tuesday, September 25, 2012 5:56:46 PM CST]
[CWB FTP] [/pub/earthquake] [EC0212134044009.htm] [Tuesday, September 25, 2012 5:56:46 PM CST]
[CWB FTP] [/pub/earthquake] [EC0214112648010.htm] [Tuesday, September 25, 2012 5:56:46 PM CST]
[CWB FTP] [/pub/earthquake] [EC0214113050011.htm] [Tuesday, September 25, 2012 5:56:46 PM CST]
[CWB FTP] [/pub/earthquake] [EC0216150339012.htm] [Tuesday, September 25, 2012 5:56:46 PM CST]
[CWB FTP] [/pub/earthquake] [EC0223050046013.htm] [Tuesday, September 25, 2012 5:56:46 PM CST]
[CWB FTP] [/pub/earthquake] [EC0228035747014.htm] [Tuesday, September 25, 2012 5:56:47 PM CST]
[CWB FTP] [/pub/earthquake] [EC0308233752016.htm] [Tuesday, September 25, 2012 5:56:47 PM CST]
[CWB FTP] [/pub/earthquake] [EC0312213545017.htm] [Tuesday, September 25, 2012 5:56:47 PM CST]
[CWB FTP] [/pub/earthquake] [EC0318071843018.htm] [Tuesday, September 25, 2012 5:56:47 PM CST]
[CWB FTP] [/pub/earthquake] [EC0318075742019.htm] [Tuesday, September 25, 2012 5:56:47 PM CST]
[CWB FTP] [/pub/earthquake] [EC0319180541020.htm] [Tuesday, September 25, 2012 5:56:47 PM CST]
[CWB FTP] [/pub/earthquake] [EC0627175939143.gif] [Tuesday, September 25, 2012 5:56:47 PM CST]
[CWB FTP] [/pub/earthquake] [EC0627175939143.txt] [Tuesday, September 25, 2012 5:56:47 PM CST]
[CWB FTP] [/pub/earthquake] [EC0707203536144.gif] [Tuesday, September 25, 2012 5:56:48 PM CST]
[CWB FTP] [/pub/earthquake] [EC0707203536144.txt] [Tuesday, September 25, 2012 5:56:48 PM CST]
[CWB FTP] [/pub/earthquake] [EC0707203839145.gif] [Tuesday, September 25, 2012 5:56:48 PM CST]
[CWB FTP] [/pub/earthquake] [EC0707203839145.txt] [Tuesday, September 25, 2012 5:56:48 PM CST]
[CWB FTP] [/pub/earthquake] [EC0710204242146.gif] [Tuesday, September 25, 2012 5:56:48 PM CST]
[CWB FTP] [/pub/earthquake] [EC0710204242146.txt] [Tuesday, September 25, 2012 5:56:48 PM CST]
[CWB FTP] [/pub/earthquake] [EC0717095834147.gif] [Tuesday, September 25, 2012 5:56:48 PM CST]
[CWB FTP] [/pub/earthquake] [EC0717095834147.txt] [Tuesday, September 25, 2012 5:56:48 PM CST]
[CWB FTP] [/pub/earthquake] [EC0718024836148.gif] [Tuesday, September 25, 2012 5:56:49 PM CST]
[CWB FTP] [/pub/earthquake] [EC0718024836148.txt] [Tuesday, September 25, 2012 5:56:49 PM CST]
[CWB FTP] [/pub/earthquake] [EC0720083730149.gif] [Tuesday, September 25, 2012 5:56:49 PM CST]
[CWB FTP] [/pub/earthquake] [EC0720083730149.txt] [Tuesday, September 25, 2012 5:56:49 PM CST]
[CWB FTP] [/pub/earthquake] [EC0721002236150.gif] [Tuesday, September 25, 2012 5:56:49 PM CST]
[CWB FTP] [/pub/earthquake] [EC0721002236150.txt] [Tuesday, September 25, 2012 5:56:49 PM CST]
[CWB FTP] [/pub/earthquake] [EC0723061242151.gif] [Tuesday, September 25, 2012 5:56:49 PM CST]
[CWB FTP] [/pub/earthquake] [EC0723061242151.txt] [Tuesday, September 25, 2012 5:56:49 PM CST]
[CWB FTP] [/pub/earthquake] [EC0729010539152.gif] [Tuesday, September 25, 2012 5:56:50 PM CST]
[CWB FTP] [/pub/earthquake] [EC0729010539152.txt] [Tuesday, September 25, 2012 5:56:50 PM CST]
[CWB FTP] [/pub/earthquake] [EC0731095035153.gif] [Tuesday, September 25, 2012 5:56:50 PM CST]
[CWB FTP] [/pub/earthquake] [EC0731095035153.txt] [Tuesday, September 25, 2012 5:56:50 PM CST]
[CWB FTP] [/pub/earthquake] [EC0804064342154.gif] [Tuesday, September 25, 2012 5:56:50 PM CST]
[CWB FTP] [/pub/earthquake] [EC0804064342154.txt] [Tuesday, September 25, 2012 5:56:50 PM CST]
[CWB FTP] [/pub/earthquake] [EC0814185552155.gif] [Tuesday, September 25, 2012 5:56:50 PM CST]
[CWB FTP] [/pub/earthquake] [EC0814185552155.txt] [Tuesday, September 25, 2012 5:56:51 PM CST]
[CWB FTP] [/pub/earthquake] [EC0815082442156.gif] [Tuesday, September 25, 2012 5:56:51 PM CST]
[CWB FTP] [/pub/earthquake] [EC0815082442156.txt] [Tuesday, September 25, 2012 5:56:51 PM CST]
[CWB FTP] [/pub/earthquake] [EC0815120936157.gif] [Tuesday, September 25, 2012 5:56:51 PM CST]
[CWB FTP] [/pub/earthquake] [EC0815120936157.txt] [Tuesday, September 25, 2012 5:56:51 PM CST]
[CWB FTP] [/pub/earthquake] [EC0815123837158.gif] [Tuesday, September 25, 2012 5:56:51 PM CST]
[CWB FTP] [/pub/earthquake] [EC0815123837158.txt] [Tuesday, September 25, 2012 5:56:51 PM CST]
[CWB FTP] [/pub/earthquake] [EC0816101035159.gif] [Tuesday, September 25, 2012 5:56:51 PM CST]
[CWB FTP] [/pub/earthquake] [EC0816101035159.txt] [Tuesday, September 25, 2012 5:56:52 PM CST]
[CWB FTP] [/pub/earthquake] [EC0817014145160.gif] [Tuesday, September 25, 2012 5:56:52 PM CST]
[CWB FTP] [/pub/earthquake] [EC0817014145160.txt] [Tuesday, September 25, 2012 5:56:52 PM CST]
[CWB FTP] [/pub/earthquake] [EC0817233937161.gif] [Tuesday, September 25, 2012 5:56:52 PM CST]
[CWB FTP] [/pub/earthquake] [EC0817233937161.txt] [Tuesday, September 25, 2012 5:56:52 PM CST]
[CWB FTP] [/pub/earthquake] [EC0818042053162.gif] [Tuesday, September 25, 2012 5:56:52 PM CST]
[CWB FTP] [/pub/earthquake] [EC0818042053162.txt] [Tuesday, September 25, 2012 5:56:52 PM CST]
[CWB FTP] [/pub/earthquake] [EC0820030336163.gif] [Tuesday, September 25, 2012 5:56:52 PM CST]
[CWB FTP] [/pub/earthquake] [EC0820030336163.txt] [Tuesday, September 25, 2012 5:56:53 PM CST]
[CWB FTP] [/pub/earthquake] [EC0820062038164.gif] [Tuesday, September 25, 2012 5:56:53 PM CST]
[CWB FTP] [/pub/earthquake] [EC0820062038164.txt] [Tuesday, September 25, 2012 5:56:53 PM CST]
[CWB FTP] [/pub/earthquake] [EC0820072536165.gif] [Tuesday, September 25, 2012 5:56:53 PM CST]
[CWB FTP] [/pub/earthquake] [EC0820072536165.txt] [Tuesday, September 25, 2012 5:56:53 PM CST]
[CWB FTP] [/pub/earthquake] [EC0822012240166.gif] [Tuesday, September 25, 2012 5:56:53 PM CST]
[CWB FTP] [/pub/earthquake] [EC0822012240166.txt] [Tuesday, September 25, 2012 5:56:53 PM CST]
[CWB FTP] [/pub/earthquake] [EC0823005139167.gif] [Tuesday, September 25, 2012 5:56:54 PM CST]
[CWB FTP] [/pub/earthquake] [EC0823005139167.txt] [Tuesday, September 25, 2012 5:56:54 PM CST]
[CWB FTP] [/pub/earthquake] [EC0829222443168.gif] [Tuesday, September 25, 2012 5:56:54 PM CST]
[CWB FTP] [/pub/earthquake] [EC0829222443168.txt] [Tuesday, September 25, 2012 5:56:54 PM CST]
[CWB FTP] [/pub/earthquake] [EC0831201147169.gif] [Tuesday, September 25, 2012 5:56:54 PM CST]
[CWB FTP] [/pub/earthquake] [EC0831201147169.txt] [Tuesday, September 25, 2012 5:56:54 PM CST]
[CWB FTP] [/pub/earthquake] [EC0831202346170.gif] [Tuesday, September 25, 2012 5:56:54 PM CST]
[CWB FTP] [/pub/earthquake] [EC0831202346170.txt] [Tuesday, September 25, 2012 5:56:55 PM CST]
[CWB FTP] [/pub/earthquake] [EC0901023636171.gif] [Tuesday, September 25, 2012 5:56:55 PM CST]
[CWB FTP] [/pub/earthquake] [EC0901023636171.txt] [Tuesday, September 25, 2012 5:56:55 PM CST]
[CWB FTP] [/pub/earthquake] [EC0903071635172.gif] [Tuesday, September 25, 2012 5:56:55 PM CST]
[CWB FTP] [/pub/earthquake] [EC0903071635172.txt] [Tuesday, September 25, 2012 5:56:55 PM CST]
[CWB FTP] [/pub/earthquake] [EC0905040052173.gif] [Tuesday, September 25, 2012 5:56:55 PM CST]
[CWB FTP] [/pub/earthquake] [EC0905040052173.txt] [Tuesday, September 25, 2012 5:56:55 PM CST]
[CWB FTP] [/pub/earthquake] [EC0905193639174.gif] [Tuesday, September 25, 2012 5:56:55 PM CST]
[CWB FTP] [/pub/earthquake] [EC0905193639174.txt] [Tuesday, September 25, 2012 5:56:56 PM CST]
[CWB FTP] [/pub/earthquake] [EC0919133635175.gif] [Tuesday, September 25, 2012 5:56:56 PM CST]
[CWB FTP] [/pub/earthquake] [EC0919133635175.txt] [Tuesday, September 25, 2012 5:56:56 PM CST]
[CWB FTP] [/pub/earthquake] [EC0925055745176.gif] [Tuesday, September 25, 2012 5:56:56 PM CST]
[CWB FTP] [/pub/earthquake] [EC0925055745176.txt] [Tuesday, September 25, 2012 5:56:56 PM CST]
[CWB FTP] [/pub/earthquake] [index.txt] [Tuesday, September 25, 2012 5:56:56 PM CST]
[CWB FTP] [/pub/forecast] [B20.gif] [Tuesday, September 25, 2012 5:56:57 PM CST]
[CWB FTP] [/pub/forecast] [B21.gif] [Tuesday, September 25, 2012 5:56:57 PM CST]
[CWB FTP] [/pub/forecast] [B22.gif] [Tuesday, September 25, 2012 5:56:57 PM CST]
[CWB FTP] [/pub/forecast] [B25.jpg] [Tuesday, September 25, 2012 5:56:57 PM CST]
[CWB FTP] [/pub/forecast] [E02] [Tuesday, September 25, 2012 5:56:57 PM CST]
[CWB FTP] [/pub/forecast] [E03] [Tuesday, September 25, 2012 5:56:57 PM CST]
[CWB FTP] [/pub/forecast] [E04] [Tuesday, September 25, 2012 5:56:57 PM CST]
[CWB FTP] [/pub/forecast] [E06] [Tuesday, September 25, 2012 5:56:58 PM CST]
[CWB FTP] [/pub/forecast] [E10] [Tuesday, September 25, 2012 5:56:58 PM CST]
[CWB FTP] [/pub/forecast] [E22] [Tuesday, September 25, 2012 5:56:58 PM CST]
[CWB FTP] [/pub/forecast] [E42] [Tuesday, September 25, 2012 5:56:58 PM CST]
[CWB FTP] [/pub/forecast] [E43] [Tuesday, September 25, 2012 5:56:58 PM CST]
[CWB FTP] [/pub/forecast] [I04.jpg] [Tuesday, September 25, 2012 5:56:59 PM CST]
[CWB FTP] [/pub/forecast] [I07.jpg] [Tuesday, September 25, 2012 5:57:01 PM CST]
[CWB FTP] [/pub/forecast] [I08.jpg] [Tuesday, September 25, 2012 5:57:02 PM CST]
[CWB FTP] [/pub/forecast] [I10.jpg] [Tuesday, September 25, 2012 5:57:03 PM CST]
[CWB FTP] [/pub/forecast] [I11.jpg] [Tuesday, September 25, 2012 5:57:04 PM CST]
[CWB FTP] [/pub/forecast] [I12.jpg] [Tuesday, September 25, 2012 5:57:05 PM CST]
[CWB FTP] [/pub/forecast] [I13.jpg] [Tuesday, September 25, 2012 5:57:05 PM CST]
[CWB FTP] [/pub/forecast] [I14.jpg] [Tuesday, September 25, 2012 5:57:06 PM CST]
[CWB FTP] [/pub/forecast] [I15.jpg] [Tuesday, September 25, 2012 5:57:07 PM CST]
[CWB FTP] [/pub/forecast] [NowTyph.xml] [Tuesday, September 25, 2012 5:57:07 PM CST]
[CWB FTP] [/pub/forecast] [W001.txt] [Tuesday, September 25, 2012 5:57:07 PM CST]
[CWB FTP] [/pub/forecast] [W002.txt] [Tuesday, September 25, 2012 5:57:07 PM CST]
[CWB FTP] [/pub/forecast] [W003.txt] [Tuesday, September 25, 2012 5:57:07 PM CST]
[CWB FTP] [/pub/forecast] [W004.txt] [Tuesday, September 25, 2012 5:57:07 PM CST]
[CWB FTP] [/pub/forecast] [W005.txt] [Tuesday, September 25, 2012 5:57:07 PM CST]
[CWB FTP] [/pub/forecast] [W006.txt] [Tuesday, September 25, 2012 5:57:08 PM CST]
[CWB FTP] [/pub/forecast] [W007.txt] [Tuesday, September 25, 2012 5:57:08 PM CST]
[CWB FTP] [/pub/forecast] [W008.txt] [Tuesday, September 25, 2012 5:57:08 PM CST]
[CWB FTP] [/pub/forecast] [W010.txt] [Tuesday, September 25, 2012 5:57:08 PM CST]
[CWB FTP] [/pub/forecast] [W011.txt] [Tuesday, September 25, 2012 5:57:08 PM CST]
[CWB FTP] [/pub/forecast] [W012.txt] [Tuesday, September 25, 2012 5:57:08 PM CST]
[CWB FTP] [/pub/forecast] [W016.txt] [Tuesday, September 25, 2012 5:57:08 PM CST]
[CWB FTP] [/pub/forecast] [W018.txt] [Tuesday, September 25, 2012 5:57:09 PM CST]
[CWB FTP] [/pub/forecast] [W020.txt] [Tuesday, September 25, 2012 5:57:09 PM CST]
[CWB FTP] [/pub/forecast] [W021.txt] [Tuesday, September 25, 2012 5:57:09 PM CST]
[CWB FTP] [/pub/forecast] [W023.txt] [Tuesday, September 25, 2012 5:57:09 PM CST]
[CWB FTP] [/pub/forecast] [W025.txt] [Tuesday, September 25, 2012 5:57:09 PM CST]
[CWB FTP] [/pub/forecast] [W026.txt] [Tuesday, September 25, 2012 5:57:09 PM CST]
[CWB FTP] [/pub/forecast] [W027.txt] [Tuesday, September 25, 2012 5:57:10 PM CST]
[CWB FTP] [/pub/forecast] [W028.txt] [Tuesday, September 25, 2012 5:57:10 PM CST]
[CWB FTP] [/pub/forecast] [W031.txt] [Tuesday, September 25, 2012 5:57:10 PM CST]
[CWB FTP] [/pub/forecast] [W032.txt] [Tuesday, September 25, 2012 5:57:10 PM CST]
[CWB FTP] [/pub/forecast] [W041.txt] [Tuesday, September 25, 2012 5:57:10 PM CST]
[CWB FTP] [/pub/forecast] [W042.txt] [Tuesday, September 25, 2012 5:57:10 PM CST]
[CWB FTP] [/pub/forecast] [W043.txt] [Tuesday, September 25, 2012 5:57:10 PM CST]
[CWB FTP] [/pub/forecast] [W044.txt] [Tuesday, September 25, 2012 5:57:10 PM CST]
[CWB FTP] [/pub/forecast] [index.txt] [Tuesday, September 25, 2012 5:57:11 PM CST]
[CWB FTP] [/pub/forecast] [typhooninfor.xsd] [Tuesday, September 25, 2012 5:57:11 PM CST]
[CWB FTP] [/pub/rain] [index.txt] [Tuesday, September 25, 2012 5:57:11 PM CST]
[CWB FTP] [/pub/rain] [ph-m-up.htm] [Tuesday, September 25, 2012 5:57:11 PM CST]
[CWB FTP] [/pub/rain] [ph-m.htm] [Tuesday, September 25, 2012 5:57:11 PM CST]
[CWB FTP] [/pub/rain] [ph-y.htm] [Tuesday, September 25, 2012 5:57:12 PM CST]
[CWB FTP] [/pub/rain] [ph-years.htm] [Tuesday, September 25, 2012 5:57:12 PM CST]
[CWB FTP] [/pub] [readme.txt] [Tuesday, September 25, 2012 5:57:12 PM CST]
[CWB FTP] [/pub/satellite] [index.txt] [Tuesday, September 25, 2012 5:57:12 PM CST]
[CWB FTP] [/pub/satellite] [s0o.jpg] [Tuesday, September 25, 2012 5:57:13 PM CST]
[CWB FTP] [/pub/satellite] [s0p.jpg] [Tuesday, September 25, 2012 5:57:13 PM CST]
[CWB FTP] [/pub/satellite] [s0q.jpg] [Tuesday, September 25, 2012 5:57:13 PM CST]
[CWB FTP] [/pub/satellite] [s1p.jpg] [Tuesday, September 25, 2012 5:57:14 PM CST]
[CWB FTP] [/pub/satellite] [s3o.jpg] [Tuesday, September 25, 2012 5:57:14 PM CST]
[CWB FTP] [/pub/satellite] [s3p.jpg] [Tuesday, September 25, 2012 5:57:14 PM CST]
[CWB FTP] [/pub/satellite] [s3q.jpg] [Tuesday, September 25, 2012 5:57:15 PM CST]
[CWB FTP] [/pub/satellite] [sao.jpg] [Tuesday, September 25, 2012 5:57:15 PM CST]
[CWB FTP] [/pub/satellite] [sbo.jpg] [Tuesday, September 25, 2012 5:57:16 PM CST]
[CWB FTP] [/pub/satellite] [sco.jpg] [Tuesday, September 25, 2012 5:57:16 PM CST]
[CWB FTP] [/pub/satellite] [sdo.jpg] [Tuesday, September 25, 2012 5:57:16 PM CST]
[CWB FTP] [/pub/satellite] [stp.jpg] [Tuesday, September 25, 2012 5:57:17 PM CST]
[CWB FTP] [/pub/satellite] [sup.jpg] [Tuesday, September 25, 2012 5:57:17 PM CST]
[CWB FTP] [/pub/satellite] [svp.jpg] [Tuesday, September 25, 2012 5:57:18 PM CST]
[CWB FTP] [/pub/satellite] [sxo.jpg] [Tuesday, September 25, 2012 5:57:18 PM CST]
[CWB FTP] [/pub/satellite] [syo.jpg] [Tuesday, September 25, 2012 5:57:18 PM CST]
[CWB FTP] [/pub/typhoon] [NowTyph.xml] [Tuesday, September 25, 2012 5:57:19 PM CST]
[CWB FTP] [/pub/typhoon] [typhooninfor.xsd] [Tuesday, September 25, 2012 5:57:19 PM CST]
[CWB FTP] [/pub/climate] [FW14.pdf] [Wednesday, September 26, 2012 12:18:32 AM CST]
[CWB FTP] [/pub/climate] [FW15.pdf] [Wednesday, September 26, 2012 12:18:33 AM CST]
[CWB FTP] [/pub/climate] [index.txt] [Wednesday, September 26, 2012 12:18:33 AM CST]
[CWB FTP] [/pub/earthquake] [EC0120194844004.htm] [Wednesday, September 26, 2012 12:18:33 AM CST]
[CWB FTP] [/pub/earthquake] [EC0125185962005.htm] [Wednesday, September 26, 2012 12:18:33 AM CST]
[CWB FTP] [/pub/earthquake] [EC0131101641006.htm] [Wednesday, September 26, 2012 12:18:33 AM CST]
[CWB FTP] [/pub/earthquake] [EC0201114740007.htm] [Wednesday, September 26, 2012 12:18:33 AM CST]
[CWB FTP] [/pub/earthquake] [EC0205171746008.htm] [Wednesday, September 26, 2012 12:18:33 AM CST]
[CWB FTP] [/pub/earthquake] [EC0212134044009.htm] [Wednesday, September 26, 2012 12:18:33 AM CST]
[CWB FTP] [/pub/earthquake] [EC0214112648010.htm] [Wednesday, September 26, 2012 12:18:34 AM CST]
[CWB FTP] [/pub/earthquake] [EC0214113050011.htm] [Wednesday, September 26, 2012 12:18:34 AM CST]
[CWB FTP] [/pub/earthquake] [EC0216150339012.htm] [Wednesday, September 26, 2012 12:18:34 AM CST]
[CWB FTP] [/pub/earthquake] [EC0223050046013.htm] [Wednesday, September 26, 2012 12:18:34 AM CST]
[CWB FTP] [/pub/earthquake] [EC0228035747014.htm] [Wednesday, September 26, 2012 12:18:34 AM CST]
[CWB FTP] [/pub/earthquake] [EC0308233752016.htm] [Wednesday, September 26, 2012 12:18:34 AM CST]
[CWB FTP] [/pub/earthquake] [EC0312213545017.htm] [Wednesday, September 26, 2012 12:18:34 AM CST]
[CWB FTP] [/pub/earthquake] [EC0318071843018.htm] [Wednesday, September 26, 2012 12:18:34 AM CST]
[CWB FTP] [/pub/earthquake] [EC0318075742019.htm] [Wednesday, September 26, 2012 12:18:34 AM CST]
[CWB FTP] [/pub/earthquake] [EC0319180541020.htm] [Wednesday, September 26, 2012 12:18:34 AM CST]
[CWB FTP] [/pub/earthquake] [EC0707203536144.gif] [Wednesday, September 26, 2012 12:18:34 AM CST]
[CWB FTP] [/pub/earthquake] [EC0707203536144.txt] [Wednesday, September 26, 2012 12:18:35 AM CST]
[CWB FTP] [/pub/earthquake] [EC0707203839145.gif] [Wednesday, September 26, 2012 12:18:35 AM CST]
[CWB FTP] [/pub/earthquake] [EC0707203839145.txt] [Wednesday, September 26, 2012 12:18:35 AM CST]
[CWB FTP] [/pub/earthquake] [EC0710204242146.gif] [Wednesday, September 26, 2012 12:18:35 AM CST]
[CWB FTP] [/pub/earthquake] [EC0710204242146.txt] [Wednesday, September 26, 2012 12:18:35 AM CST]
[CWB FTP] [/pub/earthquake] [EC0717095834147.gif] [Wednesday, September 26, 2012 12:18:35 AM CST]
[CWB FTP] [/pub/earthquake] [EC0717095834147.txt] [Wednesday, September 26, 2012 12:18:35 AM CST]
[CWB FTP] [/pub/earthquake] [EC0718024836148.gif] [Wednesday, September 26, 2012 12:18:35 AM CST]
[CWB FTP] [/pub/earthquake] [EC0718024836148.txt] [Wednesday, September 26, 2012 12:18:35 AM CST]
[CWB FTP] [/pub/earthquake] [EC0720083730149.gif] [Wednesday, September 26, 2012 12:18:35 AM CST]
[CWB FTP] [/pub/earthquake] [EC0720083730149.txt] [Wednesday, September 26, 2012 12:18:36 AM CST]
[CWB FTP] [/pub/earthquake] [EC0721002236150.gif] [Wednesday, September 26, 2012 12:18:36 AM CST]
[CWB FTP] [/pub/earthquake] [EC0721002236150.txt] [Wednesday, September 26, 2012 12:18:36 AM CST]
[CWB FTP] [/pub/earthquake] [EC0723061242151.gif] [Wednesday, September 26, 2012 12:18:36 AM CST]
[CWB FTP] [/pub/earthquake] [EC0723061242151.txt] [Wednesday, September 26, 2012 12:18:36 AM CST]
[CWB FTP] [/pub/earthquake] [EC0729010539152.gif] [Wednesday, September 26, 2012 12:18:36 AM CST]
[CWB FTP] [/pub/earthquake] [EC0729010539152.txt] [Wednesday, September 26, 2012 12:18:36 AM CST]
[CWB FTP] [/pub/earthquake] [EC0731095035153.gif] [Wednesday, September 26, 2012 12:18:36 AM CST]
[CWB FTP] [/pub/earthquake] [EC0731095035153.txt] [Wednesday, September 26, 2012 12:18:36 AM CST]
[CWB FTP] [/pub/earthquake] [EC0804064342154.gif] [Wednesday, September 26, 2012 12:18:36 AM CST]
[CWB FTP] [/pub/earthquake] [EC0804064342154.txt] [Wednesday, September 26, 2012 12:18:37 AM CST]
[CWB FTP] [/pub/earthquake] [EC0814185552155.gif] [Wednesday, September 26, 2012 12:18:37 AM CST]
[CWB FTP] [/pub/earthquake] [EC0814185552155.txt] [Wednesday, September 26, 2012 12:18:37 AM CST]
[CWB FTP] [/pub/earthquake] [EC0815082442156.gif] [Wednesday, September 26, 2012 12:18:37 AM CST]
[CWB FTP] [/pub/earthquake] [EC0815082442156.txt] [Wednesday, September 26, 2012 12:18:37 AM CST]
[CWB FTP] [/pub/earthquake] [EC0815120936157.gif] [Wednesday, September 26, 2012 12:18:37 AM CST]
[CWB FTP] [/pub/earthquake] [EC0815120936157.txt] [Wednesday, September 26, 2012 12:18:37 AM CST]
[CWB FTP] [/pub/earthquake] [EC0815123837158.gif] [Wednesday, September 26, 2012 12:18:37 AM CST]
[CWB FTP] [/pub/earthquake] [EC0815123837158.txt] [Wednesday, September 26, 2012 12:18:37 AM CST]
[CWB FTP] [/pub/earthquake] [EC0816101035159.gif] [Wednesday, September 26, 2012 12:18:37 AM CST]
[CWB FTP] [/pub/earthquake] [EC0816101035159.txt] [Wednesday, September 26, 2012 12:18:38 AM CST]
[CWB FTP] [/pub/earthquake] [EC0817014145160.gif] [Wednesday, September 26, 2012 12:18:38 AM CST]
[CWB FTP] [/pub/earthquake] [EC0817014145160.txt] [Wednesday, September 26, 2012 12:18:38 AM CST]
[CWB FTP] [/pub/earthquake] [EC0817233937161.gif] [Wednesday, September 26, 2012 12:18:38 AM CST]
[CWB FTP] [/pub/earthquake] [EC0817233937161.txt] [Wednesday, September 26, 2012 12:18:38 AM CST]
[CWB FTP] [/pub/earthquake] [EC0818042053162.gif] [Wednesday, September 26, 2012 12:18:38 AM CST]
[CWB FTP] [/pub/earthquake] [EC0818042053162.txt] [Wednesday, September 26, 2012 12:18:38 AM CST]
[CWB FTP] [/pub/earthquake] [EC0820030336163.gif] [Wednesday, September 26, 2012 12:18:38 AM CST]
[CWB FTP] [/pub/earthquake] [EC0820030336163.txt] [Wednesday, September 26, 2012 12:18:38 AM CST]
[CWB FTP] [/pub/earthquake] [EC0820062038164.gif] [Wednesday, September 26, 2012 12:18:38 AM CST]
[CWB FTP] [/pub/earthquake] [EC0820062038164.txt] [Wednesday, September 26, 2012 12:18:39 AM CST]
[CWB FTP] [/pub/earthquake] [EC0820072536165.gif] [Wednesday, September 26, 2012 12:18:39 AM CST]
[CWB FTP] [/pub/earthquake] [EC0820072536165.txt] [Wednesday, September 26, 2012 12:18:39 AM CST]
[CWB FTP] [/pub/earthquake] [EC0822012240166.gif] [Wednesday, September 26, 2012 12:18:39 AM CST]
[CWB FTP] [/pub/earthquake] [EC0822012240166.txt] [Wednesday, September 26, 2012 12:18:39 AM CST]
[CWB FTP] [/pub/earthquake] [EC0823005139167.gif] [Wednesday, September 26, 2012 12:18:39 AM CST]
[CWB FTP] [/pub/earthquake] [EC0823005139167.txt] [Wednesday, September 26, 2012 12:18:39 AM CST]
[CWB FTP] [/pub/earthquake] [EC0829222443168.gif] [Wednesday, September 26, 2012 12:18:39 AM CST]
[CWB FTP] [/pub/earthquake] [EC0829222443168.txt] [Wednesday, September 26, 2012 12:18:39 AM CST]
[CWB FTP] [/pub/earthquake] [EC0831201147169.gif] [Wednesday, September 26, 2012 12:18:39 AM CST]
[CWB FTP] [/pub/earthquake] [EC0831201147169.txt] [Wednesday, September 26, 2012 12:18:39 AM CST]
[CWB FTP] [/pub/earthquake] [EC0831202346170.gif] [Wednesday, September 26, 2012 12:18:40 AM CST]
[CWB FTP] [/pub/earthquake] [EC0831202346170.txt] [Wednesday, September 26, 2012 12:18:40 AM CST]
[CWB FTP] [/pub/earthquake] [EC0901023636171.gif] [Wednesday, September 26, 2012 12:18:40 AM CST]
[CWB FTP] [/pub/earthquake] [EC0901023636171.txt] [Wednesday, September 26, 2012 12:18:40 AM CST]
[CWB FTP] [/pub/earthquake] [EC0903071635172.gif] [Wednesday, September 26, 2012 12:18:40 AM CST]
[CWB FTP] [/pub/earthquake] [EC0903071635172.txt] [Wednesday, September 26, 2012 12:18:40 AM CST]
[CWB FTP] [/pub/earthquake] [EC0905040052173.gif] [Wednesday, September 26, 2012 12:18:40 AM CST]
[CWB FTP] [/pub/earthquake] [EC0905040052173.txt] [Wednesday, September 26, 2012 12:18:40 AM CST]
[CWB FTP] [/pub/earthquake] [EC0905193639174.gif] [Wednesday, September 26, 2012 12:18:40 AM CST]
[CWB FTP] [/pub/earthquake] [EC0905193639174.txt] [Wednesday, September 26, 2012 12:18:41 AM CST]
[CWB FTP] [/pub/earthquake] [EC0919133635175.gif] [Wednesday, September 26, 2012 12:18:41 AM CST]
[CWB FTP] [/pub/earthquake] [EC0919133635175.txt] [Wednesday, September 26, 2012 12:18:41 AM CST]
[CWB FTP] [/pub/earthquake] [EC0925055745176.gif] [Wednesday, September 26, 2012 12:18:41 AM CST]
[CWB FTP] [/pub/earthquake] [EC0925055745176.txt] [Wednesday, September 26, 2012 12:18:41 AM CST]
[CWB FTP] [/pub/earthquake] [EC0925180633177.gif] [Wednesday, September 26, 2012 12:18:41 AM CST]
[CWB FTP] [/pub/earthquake] [EC0925180633177.txt] [Wednesday, September 26, 2012 12:18:41 AM CST]
[CWB FTP] [/pub/earthquake] [index.txt] [Wednesday, September 26, 2012 12:18:41 AM CST]
[CWB FTP] [/pub/forecast] [B20.gif] [Wednesday, September 26, 2012 12:18:41 AM CST]
[CWB FTP] [/pub/forecast] [B21.gif] [Wednesday, September 26, 2012 12:18:42 AM CST]
[CWB FTP] [/pub/forecast] [B22.gif] [Wednesday, September 26, 2012 12:18:42 AM CST]
[CWB FTP] [/pub/forecast] [B25.jpg] [Wednesday, September 26, 2012 12:18:42 AM CST]
[CWB FTP] [/pub/forecast] [E02] [Wednesday, September 26, 2012 12:18:42 AM CST]
[CWB FTP] [/pub/forecast] [E03] [Wednesday, September 26, 2012 12:18:42 AM CST]
[CWB FTP] [/pub/forecast] [E04] [Wednesday, September 26, 2012 12:18:42 AM CST]
[CWB FTP] [/pub/forecast] [E06] [Wednesday, September 26, 2012 12:18:42 AM CST]
[CWB FTP] [/pub/forecast] [E10] [Wednesday, September 26, 2012 12:18:42 AM CST]
[CWB FTP] [/pub/forecast] [E22] [Wednesday, September 26, 2012 12:18:42 AM CST]
[CWB FTP] [/pub/forecast] [E42] [Wednesday, September 26, 2012 12:18:42 AM CST]
[CWB FTP] [/pub/forecast] [E43] [Wednesday, September 26, 2012 12:18:43 AM CST]
[CWB FTP] [/pub/forecast] [I04.jpg] [Wednesday, September 26, 2012 12:18:43 AM CST]
[CWB FTP] [/pub/forecast] [I07.jpg] [Wednesday, September 26, 2012 12:18:43 AM CST]
[CWB FTP] [/pub/forecast] [I08.jpg] [Wednesday, September 26, 2012 12:18:44 AM CST]
[CWB FTP] [/pub/forecast] [I10.jpg] [Wednesday, September 26, 2012 12:18:44 AM CST]
[CWB FTP] [/pub/forecast] [I11.jpg] [Wednesday, September 26, 2012 12:18:45 AM CST]
[CWB FTP] [/pub/forecast] [I12.jpg] [Wednesday, September 26, 2012 12:18:45 AM CST]
[CWB FTP] [/pub/forecast] [I13.jpg] [Wednesday, September 26, 2012 12:18:45 AM CST]
[CWB FTP] [/pub/forecast] [I14.jpg] [Wednesday, September 26, 2012 12:18:46 AM CST]
[CWB FTP] [/pub/forecast] [I15.jpg] [Wednesday, September 26, 2012 12:18:46 AM CST]
[CWB FTP] [/pub/forecast] [NowTyph.xml] [Wednesday, September 26, 2012 12:18:46 AM CST]
[CWB FTP] [/pub/forecast] [W001.txt] [Wednesday, September 26, 2012 12:18:46 AM CST]
[CWB FTP] [/pub/forecast] [W002.txt] [Wednesday, September 26, 2012 12:18:46 AM CST]
[CWB FTP] [/pub/forecast] [W003.txt] [Wednesday, September 26, 2012 12:18:47 AM CST]
[CWB FTP] [/pub/forecast] [W004.txt] [Wednesday, September 26, 2012 12:18:47 AM CST]
[CWB FTP] [/pub/forecast] [W005.txt] [Wednesday, September 26, 2012 12:18:47 AM CST]
[CWB FTP] [/pub/forecast] [W006.txt] [Wednesday, September 26, 2012 12:18:47 AM CST]
[CWB FTP] [/pub/forecast] [W007.txt] [Wednesday, September 26, 2012 12:18:47 AM CST]
[CWB FTP] [/pub/forecast] [W008.txt] [Wednesday, September 26, 2012 12:18:47 AM CST]
[CWB FTP] [/pub/forecast] [W010.txt] [Wednesday, September 26, 2012 12:18:47 AM CST]
[CWB FTP] [/pub/forecast] [W011.txt] [Wednesday, September 26, 2012 12:18:47 AM CST]
[CWB FTP] [/pub/forecast] [W012.txt] [Wednesday, September 26, 2012 12:18:47 AM CST]
[CWB FTP] [/pub/forecast] [W016.txt] [Wednesday, September 26, 2012 12:18:47 AM CST]
[CWB FTP] [/pub/forecast] [W018.txt] [Wednesday, September 26, 2012 12:18:48 AM CST]
[CWB FTP] [/pub/forecast] [W020.txt] [Wednesday, September 26, 2012 12:18:48 AM CST]
[CWB FTP] [/pub/forecast] [W021.txt] [Wednesday, September 26, 2012 12:18:48 AM CST]
[CWB FTP] [/pub/forecast] [W023.txt] [Wednesday, September 26, 2012 12:18:48 AM CST]
[CWB FTP] [/pub/forecast] [W025.txt] [Wednesday, September 26, 2012 12:18:48 AM CST]
[CWB FTP] [/pub/forecast] [W026.txt] [Wednesday, September 26, 2012 12:18:48 AM CST]
[CWB FTP] [/pub/forecast] [W027.txt] [Wednesday, September 26, 2012 12:18:48 AM CST]
[CWB FTP] [/pub/forecast] [W028.txt] [Wednesday, September 26, 2012 12:18:48 AM CST]
[CWB FTP] [/pub/forecast] [W031.txt] [Wednesday, September 26, 2012 12:18:49 AM CST]
[CWB FTP] [/pub/forecast] [W032.txt] [Wednesday, September 26, 2012 12:18:49 AM CST]
[CWB FTP] [/pub/forecast] [W041.txt] [Wednesday, September 26, 2012 12:18:49 AM CST]
[CWB FTP] [/pub/forecast] [W042.txt] [Wednesday, September 26, 2012 12:18:49 AM CST]
[CWB FTP] [/pub/forecast] [W043.txt] [Wednesday, September 26, 2012 12:18:49 AM CST]
[CWB FTP] [/pub/forecast] [W044.txt] [Wednesday, September 26, 2012 12:18:49 AM CST]
[CWB FTP] [/pub/forecast] [index.txt] [Wednesday, September 26, 2012 12:18:49 AM CST]
[CWB FTP] [/pub/forecast] [typhooninfor.xsd] [Wednesday, September 26, 2012 12:18:49 AM CST]
[CWB FTP] [/pub/rain] [index.txt] [Wednesday, September 26, 2012 12:18:50 AM CST]
[CWB FTP] [/pub/rain] [ph-m-up.htm] [Wednesday, September 26, 2012 12:18:50 AM CST]
[CWB FTP] [/pub/rain] [ph-m.htm] [Wednesday, September 26, 2012 12:18:50 AM CST]
[CWB FTP] [/pub/rain] [ph-y.htm] [Wednesday, September 26, 2012 12:18:50 AM CST]
[CWB FTP] [/pub/rain] [ph-years.htm] [Wednesday, September 26, 2012 12:18:50 AM CST]
[CWB FTP] [/pub] [readme.txt] [Wednesday, September 26, 2012 12:18:50 AM CST]
[CWB FTP] [/pub/satellite] [index.txt] [Wednesday, September 26, 2012 12:18:50 AM CST]
[CWB FTP] [/pub/satellite] [s0o.jpg] [Wednesday, September 26, 2012 12:18:51 AM CST]
[CWB FTP] [/pub/satellite] [s0p.jpg] [Wednesday, September 26, 2012 12:18:51 AM CST]
[CWB FTP] [/pub/satellite] [s0q.jpg] [Wednesday, September 26, 2012 12:18:51 AM CST]
[CWB FTP] [/pub/satellite] [s1p.jpg] [Wednesday, September 26, 2012 12:18:51 AM CST]
[CWB FTP] [/pub/satellite] [s3o.jpg] [Wednesday, September 26, 2012 12:18:52 AM CST]
[CWB FTP] [/pub/satellite] [s3p.jpg] [Wednesday, September 26, 2012 12:18:52 AM CST]
[CWB FTP] [/pub/satellite] [s3q.jpg] [Wednesday, September 26, 2012 12:18:52 AM CST]
[CWB FTP] [/pub/satellite] [sao.jpg] [Wednesday, September 26, 2012 12:18:52 AM CST]
[CWB FTP] [/pub/satellite] [sbo.jpg] [Wednesday, September 26, 2012 12:18:52 AM CST]
[CWB FTP] [/pub/satellite] [sco.jpg] [Wednesday, September 26, 2012 12:18:53 AM CST]
[CWB FTP] [/pub/satellite] [sdo.jpg] [Wednesday, September 26, 2012 12:18:53 AM CST]
[CWB FTP] [/pub/satellite] [stp.jpg] [Wednesday, September 26, 2012 12:18:53 AM CST]
[CWB FTP] [/pub/satellite] [sup.jpg] [Wednesday, September 26, 2012 12:18:53 AM CST]
[CWB FTP] [/pub/satellite] [svp.jpg] [Wednesday, September 26, 2012 12:18:53 AM CST]
[CWB FTP] [/pub/satellite] [sxo.jpg] [Wednesday, September 26, 2012 12:18:54 AM CST]
[CWB FTP] [/pub/satellite] [syo.jpg] [Wednesday, September 26, 2012 12:18:54 AM CST]
[CWB FTP] [/pub/typhoon] [NowTyph.xml] [Wednesday, September 26, 2012 12:18:54 AM CST]
[CWB FTP] [/pub/typhoon] [typhooninfor.xsd] [Wednesday, September 26, 2012 12:18:54 AM CST]
[CWB FTP] [/pub/climate] [FW14.pdf] [Wednesday, September 26, 2012 12:22:37 AM CST]
[CWB FTP] [/pub/climate] [FW15.pdf] [Wednesday, September 26, 2012 12:22:38 AM CST]
[CWB FTP] [/pub/climate] [index.txt] [Wednesday, September 26, 2012 12:22:38 AM CST]
[CWB FTP] [/pub/earthquake] [EC0120194844004.htm] [Wednesday, September 26, 2012 12:22:38 AM CST]
[CWB FTP] [/pub/earthquake] [EC0125185962005.htm] [Wednesday, September 26, 2012 12:22:38 AM CST]
[CWB FTP] [/pub/earthquake] [EC0131101641006.htm] [Wednesday, September 26, 2012 12:22:38 AM CST]
[CWB FTP] [/pub/earthquake] [EC0201114740007.htm] [Wednesday, September 26, 2012 12:22:38 AM CST]
[CWB FTP] [/pub/earthquake] [EC0205171746008.htm] [Wednesday, September 26, 2012 12:22:38 AM CST]
[CWB FTP] [/pub/earthquake] [EC0212134044009.htm] [Wednesday, September 26, 2012 12:22:39 AM CST]
[CWB FTP] [/pub/earthquake] [EC0214112648010.htm] [Wednesday, September 26, 2012 12:22:39 AM CST]
[CWB FTP] [/pub/earthquake] [EC0214113050011.htm] [Wednesday, September 26, 2012 12:22:39 AM CST]
[CWB FTP] [/pub/earthquake] [EC0216150339012.htm] [Wednesday, September 26, 2012 12:22:39 AM CST]
[CWB FTP] [/pub/earthquake] [EC0223050046013.htm] [Wednesday, September 26, 2012 12:22:39 AM CST]
[CWB FTP] [/pub/earthquake] [EC0228035747014.htm] [Wednesday, September 26, 2012 12:22:39 AM CST]
[CWB FTP] [/pub/earthquake] [EC0308233752016.htm] [Wednesday, September 26, 2012 12:22:39 AM CST]
[CWB FTP] [/pub/earthquake] [EC0312213545017.htm] [Wednesday, September 26, 2012 12:22:39 AM CST]
[CWB FTP] [/pub/earthquake] [EC0318071843018.htm] [Wednesday, September 26, 2012 12:22:39 AM CST]
[CWB FTP] [/pub/earthquake] [EC0318075742019.htm] [Wednesday, September 26, 2012 12:22:39 AM CST]
[CWB FTP] [/pub/earthquake] [EC0319180541020.htm] [Wednesday, September 26, 2012 12:22:39 AM CST]
[CWB FTP] [/pub/earthquake] [EC0707203536144.gif] [Wednesday, September 26, 2012 12:22:40 AM CST]
[CWB FTP] [/pub/earthquake] [EC0707203536144.txt] [Wednesday, September 26, 2012 12:22:40 AM CST]
[CWB FTP] [/pub/earthquake] [EC0707203839145.gif] [Wednesday, September 26, 2012 12:22:40 AM CST]
[CWB FTP] [/pub/earthquake] [EC0707203839145.txt] [Wednesday, September 26, 2012 12:22:40 AM CST]
[CWB FTP] [/pub/earthquake] [EC0710204242146.gif] [Wednesday, September 26, 2012 12:22:40 AM CST]
[CWB FTP] [/pub/earthquake] [EC0710204242146.txt] [Wednesday, September 26, 2012 12:22:40 AM CST]
[CWB FTP] [/pub/earthquake] [EC0717095834147.gif] [Wednesday, September 26, 2012 12:22:40 AM CST]
[CWB FTP] [/pub/earthquake] [EC0717095834147.txt] [Wednesday, September 26, 2012 12:22:40 AM CST]
[CWB FTP] [/pub/earthquake] [EC0718024836148.gif] [Wednesday, September 26, 2012 12:22:40 AM CST]
[CWB FTP] [/pub/earthquake] [EC0718024836148.txt] [Wednesday, September 26, 2012 12:22:40 AM CST]
[CWB FTP] [/pub/earthquake] [EC0720083730149.gif] [Wednesday, September 26, 2012 12:22:41 AM CST]
[CWB FTP] [/pub/earthquake] [EC0720083730149.txt] [Wednesday, September 26, 2012 12:22:41 AM CST]
[CWB FTP] [/pub/earthquake] [EC0721002236150.gif] [Wednesday, September 26, 2012 12:22:41 AM CST]
[CWB FTP] [/pub/earthquake] [EC0721002236150.txt] [Wednesday, September 26, 2012 12:22:41 AM CST]
[CWB FTP] [/pub/earthquake] [EC0723061242151.gif] [Wednesday, September 26, 2012 12:22:41 AM CST]
[CWB FTP] [/pub/earthquake] [EC0723061242151.txt] [Wednesday, September 26, 2012 12:22:41 AM CST]
[CWB FTP] [/pub/earthquake] [EC0729010539152.gif] [Wednesday, September 26, 2012 12:22:41 AM CST]
[CWB FTP] [/pub/earthquake] [EC0729010539152.txt] [Wednesday, September 26, 2012 12:22:41 AM CST]
[CWB FTP] [/pub/earthquake] [EC0731095035153.gif] [Wednesday, September 26, 2012 12:22:41 AM CST]
[CWB FTP] [/pub/earthquake] [EC0731095035153.txt] [Wednesday, September 26, 2012 12:22:41 AM CST]
[CWB FTP] [/pub/earthquake] [EC0804064342154.gif] [Wednesday, September 26, 2012 12:22:42 AM CST]
[CWB FTP] [/pub/earthquake] [EC0804064342154.txt] [Wednesday, September 26, 2012 12:22:42 AM CST]
[CWB FTP] [/pub/earthquake] [EC0814185552155.gif] [Wednesday, September 26, 2012 12:22:42 AM CST]
[CWB FTP] [/pub/earthquake] [EC0814185552155.txt] [Wednesday, September 26, 2012 12:22:42 AM CST]
[CWB FTP] [/pub/earthquake] [EC0815082442156.gif] [Wednesday, September 26, 2012 12:22:42 AM CST]
[CWB FTP] [/pub/earthquake] [EC0815082442156.txt] [Wednesday, September 26, 2012 12:22:42 AM CST]
[CWB FTP] [/pub/earthquake] [EC0815120936157.gif] [Wednesday, September 26, 2012 12:22:42 AM CST]
[CWB FTP] [/pub/earthquake] [EC0815120936157.txt] [Wednesday, September 26, 2012 12:22:42 AM CST]
[CWB FTP] [/pub/earthquake] [EC0815123837158.gif] [Wednesday, September 26, 2012 12:22:42 AM CST]
[CWB FTP] [/pub/earthquake] [EC0815123837158.txt] [Wednesday, September 26, 2012 12:22:42 AM CST]
[CWB FTP] [/pub/earthquake] [EC0816101035159.gif] [Wednesday, September 26, 2012 12:22:43 AM CST]
[CWB FTP] [/pub/earthquake] [EC0816101035159.txt] [Wednesday, September 26, 2012 12:22:43 AM CST]
[CWB FTP] [/pub/earthquake] [EC0817014145160.gif] [Wednesday, September 26, 2012 12:22:43 AM CST]
[CWB FTP] [/pub/earthquake] [EC0817014145160.txt] [Wednesday, September 26, 2012 12:22:43 AM CST]
[CWB FTP] [/pub/earthquake] [EC0817233937161.gif] [Wednesday, September 26, 2012 12:22:43 AM CST]
[CWB FTP] [/pub/earthquake] [EC0817233937161.txt] [Wednesday, September 26, 2012 12:22:43 AM CST]
[CWB FTP] [/pub/earthquake] [EC0818042053162.gif] [Wednesday, September 26, 2012 12:22:43 AM CST]
[CWB FTP] [/pub/earthquake] [EC0818042053162.txt] [Wednesday, September 26, 2012 12:22:43 AM CST]
[CWB FTP] [/pub/earthquake] [EC0820030336163.gif] [Wednesday, September 26, 2012 12:22:43 AM CST]
[CWB FTP] [/pub/earthquake] [EC0820030336163.txt] [Wednesday, September 26, 2012 12:22:43 AM CST]
[CWB FTP] [/pub/earthquake] [EC0820062038164.gif] [Wednesday, September 26, 2012 12:22:44 AM CST]
[CWB FTP] [/pub/earthquake] [EC0820062038164.txt] [Wednesday, September 26, 2012 12:22:44 AM CST]
[CWB FTP] [/pub/earthquake] [EC0820072536165.gif] [Wednesday, September 26, 2012 12:22:44 AM CST]
[CWB FTP] [/pub/earthquake] [EC0820072536165.txt] [Wednesday, September 26, 2012 12:22:44 AM CST]
[CWB FTP] [/pub/earthquake] [EC0822012240166.gif] [Wednesday, September 26, 2012 12:22:44 AM CST]
[CWB FTP] [/pub/earthquake] [EC0822012240166.txt] [Wednesday, September 26, 2012 12:22:44 AM CST]
[CWB FTP] [/pub/earthquake] [EC0823005139167.gif] [Wednesday, September 26, 2012 12:22:44 AM CST]
[CWB FTP] [/pub/earthquake] [EC0823005139167.txt] [Wednesday, September 26, 2012 12:22:44 AM CST]
[CWB FTP] [/pub/earthquake] [EC0829222443168.gif] [Wednesday, September 26, 2012 12:22:44 AM CST]
[CWB FTP] [/pub/earthquake] [EC0829222443168.txt] [Wednesday, September 26, 2012 12:22:44 AM CST]
[CWB FTP] [/pub/earthquake] [EC0831201147169.gif] [Wednesday, September 26, 2012 12:22:45 AM CST]
[CWB FTP] [/pub/earthquake] [EC0831201147169.txt] [Wednesday, September 26, 2012 12:22:45 AM CST]
[CWB FTP] [/pub/earthquake] [EC0831202346170.gif] [Wednesday, September 26, 2012 12:22:45 AM CST]
[CWB FTP] [/pub/earthquake] [EC0831202346170.txt] [Wednesday, September 26, 2012 12:22:45 AM CST]
[CWB FTP] [/pub/earthquake] [EC0901023636171.gif] [Wednesday, September 26, 2012 12:22:45 AM CST]
[CWB FTP] [/pub/earthquake] [EC0901023636171.txt] [Wednesday, September 26, 2012 12:22:45 AM CST]
[CWB FTP] [/pub/earthquake] [EC0903071635172.gif] [Wednesday, September 26, 2012 12:22:45 AM CST]
[CWB FTP] [/pub/earthquake] [EC0903071635172.txt] [Wednesday, September 26, 2012 12:22:45 AM CST]
[CWB FTP] [/pub/earthquake] [EC0905040052173.gif] [Wednesday, September 26, 2012 12:22:45 AM CST]
[CWB FTP] [/pub/earthquake] [EC0905040052173.txt] [Wednesday, September 26, 2012 12:22:45 AM CST]
[CWB FTP] [/pub/earthquake] [EC0905193639174.gif] [Wednesday, September 26, 2012 12:22:46 AM CST]
[CWB FTP] [/pub/earthquake] [EC0905193639174.txt] [Wednesday, September 26, 2012 12:22:46 AM CST]
[CWB FTP] [/pub/earthquake] [EC0919133635175.gif] [Wednesday, September 26, 2012 12:22:46 AM CST]
[CWB FTP] [/pub/earthquake] [EC0919133635175.txt] [Wednesday, September 26, 2012 12:22:46 AM CST]
[CWB FTP] [/pub/earthquake] [EC0925055745176.gif] [Wednesday, September 26, 2012 12:22:46 AM CST]
[CWB FTP] [/pub/earthquake] [EC0925055745176.txt] [Wednesday, September 26, 2012 12:22:46 AM CST]
[CWB FTP] [/pub/earthquake] [EC0925180633177.gif] [Wednesday, September 26, 2012 12:22:46 AM CST]
[CWB FTP] [/pub/earthquake] [EC0925180633177.txt] [Wednesday, September 26, 2012 12:22:46 AM CST]
[CWB FTP] [/pub/earthquake] [index.txt] [Wednesday, September 26, 2012 12:22:46 AM CST]
[CWB FTP] [/pub/forecast] [B20.gif] [Wednesday, September 26, 2012 12:22:47 AM CST]
[CWB FTP] [/pub/forecast] [B21.gif] [Wednesday, September 26, 2012 12:22:47 AM CST]
[CWB FTP] [/pub/forecast] [B22.gif] [Wednesday, September 26, 2012 12:22:47 AM CST]
[CWB FTP] [/pub/forecast] [B25.jpg] [Wednesday, September 26, 2012 12:22:47 AM CST]
[CWB FTP] [/pub/forecast] [E02] [Wednesday, September 26, 2012 12:22:47 AM CST]
[CWB FTP] [/pub/forecast] [E03] [Wednesday, September 26, 2012 12:22:47 AM CST]
[CWB FTP] [/pub/forecast] [E04] [Wednesday, September 26, 2012 12:22:47 AM CST]
[CWB FTP] [/pub/forecast] [E06] [Wednesday, September 26, 2012 12:22:47 AM CST]
[CWB FTP] [/pub/forecast] [E10] [Wednesday, September 26, 2012 12:22:47 AM CST]
[CWB FTP] [/pub/forecast] [E22] [Wednesday, September 26, 2012 12:22:48 AM CST]
[CWB FTP] [/pub/forecast] [E42] [Wednesday, September 26, 2012 12:22:48 AM CST]
[CWB FTP] [/pub/forecast] [E43] [Wednesday, September 26, 2012 12:22:48 AM CST]
[CWB FTP] [/pub/forecast] [I04.jpg] [Wednesday, September 26, 2012 12:22:48 AM CST]
[CWB FTP] [/pub/forecast] [I07.jpg] [Wednesday, September 26, 2012 12:22:49 AM CST]
[CWB FTP] [/pub/forecast] [I08.jpg] [Wednesday, September 26, 2012 12:22:49 AM CST]
[CWB FTP] [/pub/forecast] [I10.jpg] [Wednesday, September 26, 2012 12:22:49 AM CST]
[CWB FTP] [/pub/forecast] [I11.jpg] [Wednesday, September 26, 2012 12:22:50 AM CST]
[CWB FTP] [/pub/forecast] [I12.jpg] [Wednesday, September 26, 2012 12:22:50 AM CST]
[CWB FTP] [/pub/forecast] [I13.jpg] [Wednesday, September 26, 2012 12:22:50 AM CST]
[CWB FTP] [/pub/forecast] [I14.jpg] [Wednesday, September 26, 2012 12:22:51 AM CST]
[CWB FTP] [/pub/forecast] [I15.jpg] [Wednesday, September 26, 2012 12:22:52 AM CST]
[CWB FTP] [/pub/forecast] [NowTyph.xml] [Wednesday, September 26, 2012 12:22:52 AM CST]
[CWB FTP] [/pub/forecast] [W001.txt] [Wednesday, September 26, 2012 12:22:52 AM CST]
[CWB FTP] [/pub/forecast] [W002.txt] [Wednesday, September 26, 2012 12:22:52 AM CST]
[CWB FTP] [/pub/forecast] [W003.txt] [Wednesday, September 26, 2012 12:22:52 AM CST]
[CWB FTP] [/pub/forecast] [W004.txt] [Wednesday, September 26, 2012 12:22:52 AM CST]
[CWB FTP] [/pub/forecast] [W005.txt] [Wednesday, September 26, 2012 12:22:52 AM CST]
[CWB FTP] [/pub/forecast] [W006.txt] [Wednesday, September 26, 2012 12:22:52 AM CST]
[CWB FTP] [/pub/forecast] [W007.txt] [Wednesday, September 26, 2012 12:22:52 AM CST]
[CWB FTP] [/pub/forecast] [W008.txt] [Wednesday, September 26, 2012 12:22:52 AM CST]
[CWB FTP] [/pub/forecast] [W010.txt] [Wednesday, September 26, 2012 12:22:53 AM CST]
[CWB FTP] [/pub/forecast] [W011.txt] [Wednesday, September 26, 2012 12:22:53 AM CST]
[CWB FTP] [/pub/forecast] [W012.txt] [Wednesday, September 26, 2012 12:22:53 AM CST]
[CWB FTP] [/pub/forecast] [W016.txt] [Wednesday, September 26, 2012 12:22:53 AM CST]
[CWB FTP] [/pub/forecast] [W018.txt] [Wednesday, September 26, 2012 12:22:53 AM CST]
[CWB FTP] [/pub/forecast] [W020.txt] [Wednesday, September 26, 2012 12:22:53 AM CST]
[CWB FTP] [/pub/forecast] [W021.txt] [Wednesday, September 26, 2012 12:22:53 AM CST]
[CWB FTP] [/pub/forecast] [W023.txt] [Wednesday, September 26, 2012 12:22:53 AM CST]
[CWB FTP] [/pub/forecast] [W025.txt] [Wednesday, September 26, 2012 12:22:53 AM CST]
[CWB FTP] [/pub/forecast] [W026.txt] [Wednesday, September 26, 2012 12:22:53 AM CST]
[CWB FTP] [/pub/forecast] [W027.txt] [Wednesday, September 26, 2012 12:22:54 AM CST]
[CWB FTP] [/pub/forecast] [W028.txt] [Wednesday, September 26, 2012 12:22:54 AM CST]
[CWB FTP] [/pub/forecast] [W031.txt] [Wednesday, September 26, 2012 12:22:54 AM CST]
[CWB FTP] [/pub/forecast] [W032.txt] [Wednesday, September 26, 2012 12:22:54 AM CST]
[CWB FTP] [/pub/forecast] [W041.txt] [Wednesday, September 26, 2012 12:22:54 AM CST]
[CWB FTP] [/pub/forecast] [W042.txt] [Wednesday, September 26, 2012 12:22:54 AM CST]
[CWB FTP] [/pub/forecast] [W043.txt] [Wednesday, September 26, 2012 12:22:54 AM CST]
[CWB FTP] [/pub/forecast] [W044.txt] [Wednesday, September 26, 2012 12:22:54 AM CST]
[CWB FTP] [/pub/forecast] [index.txt] [Wednesday, September 26, 2012 12:22:54 AM CST]
[CWB FTP] [/pub/forecast] [typhooninfor.xsd] [Wednesday, September 26, 2012 12:22:54 AM CST]
[CWB FTP] [/pub/rain] [index.txt] [Wednesday, September 26, 2012 12:22:55 AM CST]
[CWB FTP] [/pub/rain] [ph-m-up.htm] [Wednesday, September 26, 2012 12:22:55 AM CST]
[CWB FTP] [/pub/rain] [ph-m.htm] [Wednesday, September 26, 2012 12:22:55 AM CST]
[CWB FTP] [/pub/rain] [ph-y.htm] [Wednesday, September 26, 2012 12:22:55 AM CST]
[CWB FTP] [/pub/rain] [ph-years.htm] [Wednesday, September 26, 2012 12:22:55 AM CST]
[CWB FTP] [/pub] [readme.txt] [Wednesday, September 26, 2012 12:22:55 AM CST]
[CWB FTP] [/pub/satellite] [index.txt] [Wednesday, September 26, 2012 12:22:55 AM CST]
[CWB FTP] [/pub/satellite] [s0o.jpg] [Wednesday, September 26, 2012 12:22:56 AM CST]
[CWB FTP] [/pub/satellite] [s0p.jpg] [Wednesday, September 26, 2012 12:22:56 AM CST]
[CWB FTP] [/pub/satellite] [s0q.jpg] [Wednesday, September 26, 2012 12:22:56 AM CST]
[CWB FTP] [/pub/satellite] [s1p.jpg] [Wednesday, September 26, 2012 12:22:56 AM CST]
[CWB FTP] [/pub/satellite] [s3o.jpg] [Wednesday, September 26, 2012 12:22:57 AM CST]
[CWB FTP] [/pub/satellite] [s3p.jpg] [Wednesday, September 26, 2012 12:22:57 AM CST]
[CWB FTP] [/pub/satellite] [s3q.jpg] [Wednesday, September 26, 2012 12:22:57 AM CST]
[CWB FTP] [/pub/satellite] [sao.jpg] [Wednesday, September 26, 2012 12:22:57 AM CST]
[CWB FTP] [/pub/satellite] [sbo.jpg] [Wednesday, September 26, 2012 12:22:57 AM CST]
[CWB FTP] [/pub/satellite] [sco.jpg] [Wednesday, September 26, 2012 12:22:58 AM CST]
[CWB FTP] [/pub/satellite] [sdo.jpg] [Wednesday, September 26, 2012 12:22:58 AM CST]
[CWB FTP] [/pub/satellite] [stp.jpg] [Wednesday, September 26, 2012 12:22:58 AM CST]
[CWB FTP] [/pub/satellite] [sup.jpg] [Wednesday, September 26, 2012 12:22:58 AM CST]
[CWB FTP] [/pub/satellite] [svp.jpg] [Wednesday, September 26, 2012 12:22:59 AM CST]
[CWB FTP] [/pub/satellite] [sxo.jpg] [Wednesday, September 26, 2012 12:22:59 AM CST]
[CWB FTP] [/pub/satellite] [syo.jpg] [Wednesday, September 26, 2012 12:22:59 AM CST]
[CWB FTP] [/pub/typhoon] [NowTyph.xml] [Wednesday, September 26, 2012 12:22:59 AM CST]
[CWB FTP] [/pub/typhoon] [typhooninfor.xsd] [Wednesday, September 26, 2012 12:22:59 AM CST]
[CWB FTP] [/pub/climate] [FW14.pdf] [Monday, October 1, 2012 2:16:22 PM CST]
[CWB FTP] [/pub/climate] [FW15.pdf] [Monday, October 1, 2012 2:16:22 PM CST]
[CWB FTP] [/pub/climate] [index.txt] [Monday, October 1, 2012 2:16:22 PM CST]
[CWB FTP] [/pub/earthquake] [EC0120194844004.htm] [Monday, October 1, 2012 2:16:23 PM CST]
[CWB FTP] [/pub/earthquake] [EC0125185962005.htm] [Monday, October 1, 2012 2:16:23 PM CST]
